[debug] [2020-07-30T02:53:49.020Z] ----------------------------------------------------------------------
[debug] [2020-07-30T02:53:49.022Z] Command:       C:\Program Files\nodejs\node.exe C:\Users\xxeno\AppData\Roaming\npm\node_modules\firebase-tools\lib\bin\firebase.js emulators:start --only functions
[debug] [2020-07-30T02:53:49.022Z] CLI Version:   8.6.0
[debug] [2020-07-30T02:53:49.022Z] Platform:      win32
[debug] [2020-07-30T02:53:49.022Z] Node Version:  v12.17.0
[debug] [2020-07-30T02:53:49.023Z] Time:          Wed Jul 29 2020 22:53:49 GMT-0400 (GMT-04:00)
[debug] [2020-07-30T02:53:49.023Z] ----------------------------------------------------------------------
[debug] [2020-07-30T02:53:49.023Z] 
[debug] [2020-07-30T02:53:49.030Z] > command requires scopes: ["email","openid","https://www.googleapis.com/auth/cloudplatformprojects.readonly","https://www.googleapis.com/auth/firebase","https://www.googleapis.com/auth/cloud-platform"]
[debug] [2020-07-30T02:53:49.031Z] > authorizing via signed-in user
[info] i  emulators: Starting emulators: functions {"metadata":{"emulator":{"name":"hub"},"message":"Starting emulators: functions"}}
[debug] [2020-07-30T02:53:51.095Z] [hub] writing locator at C:\Users\xxeno\AppData\Local\Temp\hub-notatniku.json
[debug] [2020-07-30T02:53:53.149Z] defaultcredentials: writing to file C:\Users\xxeno\AppData\Roaming\firebase\xuriwork_gmail_com_application_default_credentials.json
[debug] [2020-07-30T02:53:53.150Z] Setting GAC to C:\Users\xxeno\AppData\Roaming\firebase\xuriwork_gmail_com_application_default_credentials.json {"metadata":{"emulator":{"name":"functions"},"message":"Setting GAC to C:\\Users\\xxeno\\AppData\\Roaming\\firebase\\xuriwork_gmail_com_application_default_credentials.json"}}
[warn] !  functions: The following emulators are not running, calls to these services from the Functions emulator will affect production: firestore, database, hosting, pubsub {"metadata":{"emulator":{"name":"functions"},"message":"The following emulators are not running, calls to these services from the Functions emulator will affect production: \u001b[1mfirestore, database, hosting, pubsub\u001b[22m"}}
[warn] !  Your requested "node" version "10" doesn't match your global version "12" {"metadata":{"emulator":{"name":"functions"},"message":"Your requested \"node\" version \"10\" doesn't match your global version \"12\""}}
[debug] [2020-07-30T02:53:57.257Z] Ignoring unsupported arg: auto_download {"metadata":{"emulator":{"name":"ui"},"message":"Ignoring unsupported arg: auto_download"}}
[debug] [2020-07-30T02:53:57.257Z] Ignoring unsupported arg: port {"metadata":{"emulator":{"name":"ui"},"message":"Ignoring unsupported arg: port"}}
[debug] [2020-07-30T02:53:57.257Z] Starting Emulator UI with command {"binary":"node","args":["C:\\Users\\xxeno\\.cache\\firebase\\emulators\\ui-v1.1.1\\server.bundle.js"],"optionalArgs":[],"joinArgs":false} {"metadata":{"emulator":{"name":"ui"},"message":"Starting Emulator UI with command {\"binary\":\"node\",\"args\":[\"C:\\\\Users\\\\xxeno\\\\.cache\\\\firebase\\\\emulators\\\\ui-v1.1.1\\\\server.bundle.js\"],\"optionalArgs\":[],\"joinArgs\":false}"}}
[info] i  ui: Emulator UI logging to ui-debug.log {"metadata":{"emulator":{"name":"ui"},"message":"Emulator UI logging to \u001b[1mui-debug.log\u001b[22m"}}
[debug] [2020-07-30T02:53:57.335Z] Web / API server started at http://localhost:4000
 {"metadata":{"emulator":{"name":"ui"},"message":"Web / API server started at http://localhost:4000\n"}}
[info] i  functions: Watching "D:\Xurify\Projects\Vue\notatniku\functions" for Cloud Functions... {"metadata":{"emulator":{"name":"functions"},"message":"Watching \"D:\\Xurify\\Projects\\Vue\\notatniku\\functions\" for Cloud Functions..."}}
[debug] [2020-07-30T02:53:57.782Z] [worker-pool] addWorker(~diagnostic~) {"metadata":{"emulator":{"name":"functions"},"message":"[worker-pool] addWorker(~diagnostic~)"}}
[debug] [2020-07-30T02:53:57.782Z] [worker-pool] Adding worker with key ~diagnostic~, total=1 {"metadata":{"emulator":{"name":"functions"},"message":"[worker-pool] Adding worker with key ~diagnostic~, total=1"}}
[debug] [2020-07-30T02:53:57.783Z] [worker-pool] submitWork(triggerId=) {"metadata":{"emulator":{"name":"functions"},"message":"[worker-pool] submitWork(triggerId=)"}}
[debug] [2020-07-30T02:53:57.783Z] [worker-~diagnostic~-efe12136-1b58-425a-9156-5c984dd9f59d]: Assigning socketPath: \\?\pipe\D:\Xurify\Projects\Vue\notatniku\functions\20916 {"metadata":{"emulator":{"name":"functions"},"message":"[worker-~diagnostic~-efe12136-1b58-425a-9156-5c984dd9f59d]: Assigning socketPath: \\\\?\\pipe\\D:\\Xurify\\Projects\\Vue\\notatniku\\functions\\20916"}}
[debug] [2020-07-30T02:53:57.783Z] [worker-~diagnostic~-efe12136-1b58-425a-9156-5c984dd9f59d]: BUSY {"metadata":{"emulator":{"name":"functions"},"message":"[worker-~diagnostic~-efe12136-1b58-425a-9156-5c984dd9f59d]: BUSY"}}
[debug] [2020-07-30T02:53:58.068Z] [runtime-status] [20916] Functions runtime initialized. {"cwd":"D:\\Xurify\\Projects\\Vue\\notatniku\\functions","node_version":"12.17.0"} {"metadata":{"emulator":{"name":"functions"},"message":"[runtime-status] [20916] Functions runtime initialized. {\"cwd\":\"D:\\\\Xurify\\\\Projects\\\\Vue\\\\notatniku\\\\functions\",\"node_version\":\"12.17.0\"}"}}
[debug] [2020-07-30T02:53:58.069Z] [runtime-status] [20916] Disabled runtime features: undefined {"metadata":{"emulator":{"name":"functions"},"message":"[runtime-status] [20916] Disabled runtime features: undefined"}}
[debug] [2020-07-30T02:53:58.077Z] [runtime-status] [20916] Resolved module firebase-admin {"declared":true,"installed":true,"version":"8.13.0","resolution":"D:\\Xurify\\Projects\\Vue\\notatniku\\functions\\node_modules\\firebase-admin\\lib\\index.js"} {"metadata":{"emulator":{"name":"functions"},"message":"[runtime-status] [20916] Resolved module firebase-admin {\"declared\":true,\"installed\":true,\"version\":\"8.13.0\",\"resolution\":\"D:\\\\Xurify\\\\Projects\\\\Vue\\\\notatniku\\\\functions\\\\node_modules\\\\firebase-admin\\\\lib\\\\index.js\"}"}}
[debug] [2020-07-30T02:53:58.079Z] [runtime-status] [20916] Resolved module firebase-functions {"declared":true,"installed":true,"version":"3.8.0","resolution":"D:\\Xurify\\Projects\\Vue\\notatniku\\functions\\node_modules\\firebase-functions\\lib\\index.js"} {"metadata":{"emulator":{"name":"functions"},"message":"[runtime-status] [20916] Resolved module firebase-functions {\"declared\":true,\"installed\":true,\"version\":\"3.8.0\",\"resolution\":\"D:\\\\Xurify\\\\Projects\\\\Vue\\\\notatniku\\\\functions\\\\node_modules\\\\firebase-functions\\\\lib\\\\index.js\"}"}}
[debug] [2020-07-30T02:53:58.080Z] [runtime-status] [20916] Resolved module firebase-functions {"declared":true,"installed":true,"version":"3.8.0","resolution":"D:\\Xurify\\Projects\\Vue\\notatniku\\functions\\node_modules\\firebase-functions\\lib\\index.js"} {"metadata":{"emulator":{"name":"functions"},"message":"[runtime-status] [20916] Resolved module firebase-functions {\"declared\":true,\"installed\":true,\"version\":\"3.8.0\",\"resolution\":\"D:\\\\Xurify\\\\Projects\\\\Vue\\\\notatniku\\\\functions\\\\node_modules\\\\firebase-functions\\\\lib\\\\index.js\"}"}}
[debug] [2020-07-30T02:53:58.081Z] [runtime-status] [20916] Outgoing network have been stubbed. [{"name":"http","status":"mocked"},{"name":"http","status":"mocked"},{"name":"https","status":"mocked"},{"name":"https","status":"mocked"},{"name":"net","status":"mocked"}] {"metadata":{"emulator":{"name":"functions"},"message":"[runtime-status] [20916] Outgoing network have been stubbed. [{\"name\":\"http\",\"status\":\"mocked\"},{\"name\":\"http\",\"status\":\"mocked\"},{\"name\":\"https\",\"status\":\"mocked\"},{\"name\":\"https\",\"status\":\"mocked\"},{\"name\":\"net\",\"status\":\"mocked\"}]"}}
[debug] [2020-07-30T02:53:58.082Z] [runtime-status] [20916] Resolved module firebase-functions {"declared":true,"installed":true,"version":"3.8.0","resolution":"D:\\Xurify\\Projects\\Vue\\notatniku\\functions\\node_modules\\firebase-functions\\lib\\index.js"} {"metadata":{"emulator":{"name":"functions"},"message":"[runtime-status] [20916] Resolved module firebase-functions {\"declared\":true,\"installed\":true,\"version\":\"3.8.0\",\"resolution\":\"D:\\\\Xurify\\\\Projects\\\\Vue\\\\notatniku\\\\functions\\\\node_modules\\\\firebase-functions\\\\lib\\\\index.js\"}"}}
[debug] [2020-07-30T02:53:58.133Z] [runtime-status] [20916] Checked functions.config() {"config":{}} {"metadata":{"emulator":{"name":"functions"},"message":"[runtime-status] [20916] Checked functions.config() {\"config\":{}}"}}
[debug] [2020-07-30T02:53:58.138Z] [runtime-status] [20916] firebase-functions has been stubbed. {"functionsResolution":{"declared":true,"installed":true,"version":"3.8.0","resolution":"D:\\Xurify\\Projects\\Vue\\notatniku\\functions\\node_modules\\firebase-functions\\lib\\index.js"}} {"metadata":{"emulator":{"name":"functions"},"message":"[runtime-status] [20916] firebase-functions has been stubbed. {\"functionsResolution\":{\"declared\":true,\"installed\":true,\"version\":\"3.8.0\",\"resolution\":\"D:\\\\Xurify\\\\Projects\\\\Vue\\\\notatniku\\\\functions\\\\node_modules\\\\firebase-functions\\\\lib\\\\index.js\"}}"}}
[debug] [2020-07-30T02:53:58.138Z] [runtime-status] [20916] Resolved module firebase-functions {"declared":true,"installed":true,"version":"3.8.0","resolution":"D:\\Xurify\\Projects\\Vue\\notatniku\\functions\\node_modules\\firebase-functions\\lib\\index.js"} {"metadata":{"emulator":{"name":"functions"},"message":"[runtime-status] [20916] Resolved module firebase-functions {\"declared\":true,\"installed\":true,\"version\":\"3.8.0\",\"resolution\":\"D:\\\\Xurify\\\\Projects\\\\Vue\\\\notatniku\\\\functions\\\\node_modules\\\\firebase-functions\\\\lib\\\\index.js\"}"}}
[debug] [2020-07-30T02:53:58.138Z] [runtime-status] [20916] Resolved module firebase-admin {"declared":true,"installed":true,"version":"8.13.0","resolution":"D:\\Xurify\\Projects\\Vue\\notatniku\\functions\\node_modules\\firebase-admin\\lib\\index.js"} {"metadata":{"emulator":{"name":"functions"},"message":"[runtime-status] [20916] Resolved module firebase-admin {\"declared\":true,\"installed\":true,\"version\":\"8.13.0\",\"resolution\":\"D:\\\\Xurify\\\\Projects\\\\Vue\\\\notatniku\\\\functions\\\\node_modules\\\\firebase-admin\\\\lib\\\\index.js\"}"}}
[debug] [2020-07-30T02:53:58.138Z] [runtime-status] [20916] Resolved module firebase-functions {"declared":true,"installed":true,"version":"3.8.0","resolution":"D:\\Xurify\\Projects\\Vue\\notatniku\\functions\\node_modules\\firebase-functions\\lib\\index.js"} {"metadata":{"emulator":{"name":"functions"},"message":"[runtime-status] [20916] Resolved module firebase-functions {\"declared\":true,\"installed\":true,\"version\":\"3.8.0\",\"resolution\":\"D:\\\\Xurify\\\\Projects\\\\Vue\\\\notatniku\\\\functions\\\\node_modules\\\\firebase-functions\\\\lib\\\\index.js\"}"}}
[debug] [2020-07-30T02:53:58.138Z] [runtime-status] [20916] firebase-admin has been stubbed. {"adminResolution":{"declared":true,"installed":true,"version":"8.13.0","resolution":"D:\\Xurify\\Projects\\Vue\\notatniku\\functions\\node_modules\\firebase-admin\\lib\\index.js"}} {"metadata":{"emulator":{"name":"functions"},"message":"[runtime-status] [20916] firebase-admin has been stubbed. {\"adminResolution\":{\"declared\":true,\"installed\":true,\"version\":\"8.13.0\",\"resolution\":\"D:\\\\Xurify\\\\Projects\\\\Vue\\\\notatniku\\\\functions\\\\node_modules\\\\firebase-admin\\\\lib\\\\index.js\"}}"}}
[debug] [2020-07-30T02:53:58.742Z] [runtime-status] [20916] initializeApp(DEFAULT) {"databaseURL":"https://notatniku.firebaseio.com","storageBucket":"notatniku.appspot.com","projectId":"notatniku"} {"metadata":{"emulator":{"name":"functions"},"message":"[runtime-status] [20916] initializeApp(DEFAULT) {\"databaseURL\":\"https://notatniku.firebaseio.com\",\"storageBucket\":\"notatniku.appspot.com\",\"projectId\":\"notatniku\"}"}}
[info] +  functions[api]: http function initialized (http://localhost:5001/notatniku/us-central1/api). {"metadata":{"emulator":{"name":"functions"},"message":"\u001b[1mhttp\u001b[22m function initialized (http://localhost:5001/notatniku/us-central1/api)."}}
[info] 
┌───────────────────────────────────────────────────────────────────────┐
│ ✔  All emulators ready! View status and logs at http://localhost:4000 │
└───────────────────────────────────────────────────────────────────────┘

┌───────────┬────────────────┬─────────────────────────────────┐
│ Emulator  │ Host:Port      │ View in Emulator UI             │
├───────────┼────────────────┼─────────────────────────────────┤
│ Functions │ localhost:5001 │ http://localhost:4000/functions │
└───────────┴────────────────┴─────────────────────────────────┘
  Other reserved ports: 4400, 4500

Issues? Report them at https://github.com/firebase/firebase-tools/issues and attach the *-debug.log files.
 
[debug] [2020-07-30T02:53:58.893Z] [worker-~diagnostic~-efe12136-1b58-425a-9156-5c984dd9f59d]: IDLE {"metadata":{"emulator":{"name":"functions"},"message":"[worker-~diagnostic~-efe12136-1b58-425a-9156-5c984dd9f59d]: IDLE"}}
[debug] [2020-07-30T02:54:14.594Z] [work-queue] {"queueLength":1,"workRunningCount":0}
[debug] [2020-07-30T02:54:14.594Z] [work-queue] {"queueLength":0,"workRunningCount":1}
[debug] [2020-07-30T02:54:14.594Z] Accepted request OPTIONS /notatniku/us-central1/api/convert-image-to-text --> api
[debug] [2020-07-30T02:54:14.598Z] [worker-pool] addWorker(api) {"metadata":{"emulator":{"name":"functions"},"message":"[worker-pool] addWorker(api)"}}
[debug] [2020-07-30T02:54:14.598Z] [worker-pool] Adding worker with key api, total=1 {"metadata":{"emulator":{"name":"functions"},"message":"[worker-pool] Adding worker with key api, total=1"}}
[debug] [2020-07-30T02:54:14.598Z] [worker-pool] submitWork(triggerId=api) {"metadata":{"emulator":{"name":"functions"},"message":"[worker-pool] submitWork(triggerId=api)"}}
[debug] [2020-07-30T02:54:14.598Z] [worker-api-3196360d-e1a3-4bee-97fa-4476be50afe8]: Assigning socketPath: \\?\pipe\D:\Xurify\Projects\Vue\notatniku\functions\14276 {"metadata":{"emulator":{"name":"functions"},"message":"[worker-api-3196360d-e1a3-4bee-97fa-4476be50afe8]: Assigning socketPath: \\\\?\\pipe\\D:\\Xurify\\Projects\\Vue\\notatniku\\functions\\14276"}}
[debug] [2020-07-30T02:54:14.598Z] [worker-api-3196360d-e1a3-4bee-97fa-4476be50afe8]: BUSY {"metadata":{"emulator":{"name":"functions"},"message":"[worker-api-3196360d-e1a3-4bee-97fa-4476be50afe8]: BUSY"}}
[debug] [2020-07-30T02:54:14.894Z] [runtime-status] [14276] Functions runtime initialized. {"cwd":"D:\\Xurify\\Projects\\Vue\\notatniku\\functions","node_version":"12.17.0"} {"metadata":{"emulator":{"name":"functions"},"function":{"name":"api"},"message":"[runtime-status] [14276] Functions runtime initialized. {\"cwd\":\"D:\\\\Xurify\\\\Projects\\\\Vue\\\\notatniku\\\\functions\",\"node_version\":\"12.17.0\"}"}}
[debug] [2020-07-30T02:54:14.896Z] [runtime-status] [14276] Disabled runtime features: undefined {"metadata":{"emulator":{"name":"functions"},"function":{"name":"api"},"message":"[runtime-status] [14276] Disabled runtime features: undefined"}}
[debug] [2020-07-30T02:54:14.900Z] [runtime-status] [14276] Resolved module firebase-admin {"declared":true,"installed":true,"version":"8.13.0","resolution":"D:\\Xurify\\Projects\\Vue\\notatniku\\functions\\node_modules\\firebase-admin\\lib\\index.js"} {"metadata":{"emulator":{"name":"functions"},"function":{"name":"api"},"message":"[runtime-status] [14276] Resolved module firebase-admin {\"declared\":true,\"installed\":true,\"version\":\"8.13.0\",\"resolution\":\"D:\\\\Xurify\\\\Projects\\\\Vue\\\\notatniku\\\\functions\\\\node_modules\\\\firebase-admin\\\\lib\\\\index.js\"}"}}
[debug] [2020-07-30T02:54:14.902Z] [runtime-status] [14276] Resolved module firebase-functions {"declared":true,"installed":true,"version":"3.8.0","resolution":"D:\\Xurify\\Projects\\Vue\\notatniku\\functions\\node_modules\\firebase-functions\\lib\\index.js"} {"metadata":{"emulator":{"name":"functions"},"function":{"name":"api"},"message":"[runtime-status] [14276] Resolved module firebase-functions {\"declared\":true,\"installed\":true,\"version\":\"3.8.0\",\"resolution\":\"D:\\\\Xurify\\\\Projects\\\\Vue\\\\notatniku\\\\functions\\\\node_modules\\\\firebase-functions\\\\lib\\\\index.js\"}"}}
[debug] [2020-07-30T02:54:14.903Z] [runtime-status] [14276] Resolved module firebase-functions {"declared":true,"installed":true,"version":"3.8.0","resolution":"D:\\Xurify\\Projects\\Vue\\notatniku\\functions\\node_modules\\firebase-functions\\lib\\index.js"} {"metadata":{"emulator":{"name":"functions"},"function":{"name":"api"},"message":"[runtime-status] [14276] Resolved module firebase-functions {\"declared\":true,\"installed\":true,\"version\":\"3.8.0\",\"resolution\":\"D:\\\\Xurify\\\\Projects\\\\Vue\\\\notatniku\\\\functions\\\\node_modules\\\\firebase-functions\\\\lib\\\\index.js\"}"}}
[debug] [2020-07-30T02:54:14.904Z] [runtime-status] [14276] Outgoing network have been stubbed. [{"name":"http","status":"mocked"},{"name":"http","status":"mocked"},{"name":"https","status":"mocked"},{"name":"https","status":"mocked"},{"name":"net","status":"mocked"}] {"metadata":{"emulator":{"name":"functions"},"function":{"name":"api"},"message":"[runtime-status] [14276] Outgoing network have been stubbed. [{\"name\":\"http\",\"status\":\"mocked\"},{\"name\":\"http\",\"status\":\"mocked\"},{\"name\":\"https\",\"status\":\"mocked\"},{\"name\":\"https\",\"status\":\"mocked\"},{\"name\":\"net\",\"status\":\"mocked\"}]"}}
[debug] [2020-07-30T02:54:14.905Z] [runtime-status] [14276] Resolved module firebase-functions {"declared":true,"installed":true,"version":"3.8.0","resolution":"D:\\Xurify\\Projects\\Vue\\notatniku\\functions\\node_modules\\firebase-functions\\lib\\index.js"} {"metadata":{"emulator":{"name":"functions"},"function":{"name":"api"},"message":"[runtime-status] [14276] Resolved module firebase-functions {\"declared\":true,\"installed\":true,\"version\":\"3.8.0\",\"resolution\":\"D:\\\\Xurify\\\\Projects\\\\Vue\\\\notatniku\\\\functions\\\\node_modules\\\\firebase-functions\\\\lib\\\\index.js\"}"}}
[debug] [2020-07-30T02:54:14.945Z] [runtime-status] [14276] Checked functions.config() {"config":{}} {"metadata":{"emulator":{"name":"functions"},"function":{"name":"api"},"message":"[runtime-status] [14276] Checked functions.config() {\"config\":{}}"}}
[debug] [2020-07-30T02:54:14.945Z] [runtime-status] [14276] firebase-functions has been stubbed. {"functionsResolution":{"declared":true,"installed":true,"version":"3.8.0","resolution":"D:\\Xurify\\Projects\\Vue\\notatniku\\functions\\node_modules\\firebase-functions\\lib\\index.js"}} {"metadata":{"emulator":{"name":"functions"},"function":{"name":"api"},"message":"[runtime-status] [14276] firebase-functions has been stubbed. {\"functionsResolution\":{\"declared\":true,\"installed\":true,\"version\":\"3.8.0\",\"resolution\":\"D:\\\\Xurify\\\\Projects\\\\Vue\\\\notatniku\\\\functions\\\\node_modules\\\\firebase-functions\\\\lib\\\\index.js\"}}"}}
[debug] [2020-07-30T02:54:14.946Z] [runtime-status] [14276] Resolved module firebase-functions {"declared":true,"installed":true,"version":"3.8.0","resolution":"D:\\Xurify\\Projects\\Vue\\notatniku\\functions\\node_modules\\firebase-functions\\lib\\index.js"} {"metadata":{"emulator":{"name":"functions"},"function":{"name":"api"},"message":"[runtime-status] [14276] Resolved module firebase-functions {\"declared\":true,\"installed\":true,\"version\":\"3.8.0\",\"resolution\":\"D:\\\\Xurify\\\\Projects\\\\Vue\\\\notatniku\\\\functions\\\\node_modules\\\\firebase-functions\\\\lib\\\\index.js\"}"}}
[debug] [2020-07-30T02:54:14.947Z] [runtime-status] [14276] Resolved module firebase-admin {"declared":true,"installed":true,"version":"8.13.0","resolution":"D:\\Xurify\\Projects\\Vue\\notatniku\\functions\\node_modules\\firebase-admin\\lib\\index.js"} {"metadata":{"emulator":{"name":"functions"},"function":{"name":"api"},"message":"[runtime-status] [14276] Resolved module firebase-admin {\"declared\":true,\"installed\":true,\"version\":\"8.13.0\",\"resolution\":\"D:\\\\Xurify\\\\Projects\\\\Vue\\\\notatniku\\\\functions\\\\node_modules\\\\firebase-admin\\\\lib\\\\index.js\"}"}}
[debug] [2020-07-30T02:54:14.947Z] [runtime-status] [14276] Resolved module firebase-functions {"declared":true,"installed":true,"version":"3.8.0","resolution":"D:\\Xurify\\Projects\\Vue\\notatniku\\functions\\node_modules\\firebase-functions\\lib\\index.js"} {"metadata":{"emulator":{"name":"functions"},"function":{"name":"api"},"message":"[runtime-status] [14276] Resolved module firebase-functions {\"declared\":true,\"installed\":true,\"version\":\"3.8.0\",\"resolution\":\"D:\\\\Xurify\\\\Projects\\\\Vue\\\\notatniku\\\\functions\\\\node_modules\\\\firebase-functions\\\\lib\\\\index.js\"}"}}
[debug] [2020-07-30T02:54:14.947Z] [runtime-status] [14276] firebase-admin has been stubbed. {"adminResolution":{"declared":true,"installed":true,"version":"8.13.0","resolution":"D:\\Xurify\\Projects\\Vue\\notatniku\\functions\\node_modules\\firebase-admin\\lib\\index.js"}} {"metadata":{"emulator":{"name":"functions"},"function":{"name":"api"},"message":"[runtime-status] [14276] firebase-admin has been stubbed. {\"adminResolution\":{\"declared\":true,\"installed\":true,\"version\":\"8.13.0\",\"resolution\":\"D:\\\\Xurify\\\\Projects\\\\Vue\\\\notatniku\\\\functions\\\\node_modules\\\\firebase-admin\\\\lib\\\\index.js\"}}"}}
[debug] [2020-07-30T02:54:15.441Z] [runtime-status] [14276] initializeApp(DEFAULT) {"databaseURL":"https://notatniku.firebaseio.com","storageBucket":"notatniku.appspot.com","projectId":"notatniku"} {"metadata":{"emulator":{"name":"functions"},"function":{"name":"api"},"message":"[runtime-status] [14276] initializeApp(DEFAULT) {\"databaseURL\":\"https://notatniku.firebaseio.com\",\"storageBucket\":\"notatniku.appspot.com\",\"projectId\":\"notatniku\"}"}}
[debug] [2020-07-30T02:54:15.592Z] [runtime-status] [14276] Trigger "api" has been found, beginning invocation! {"metadata":{"emulator":{"name":"functions"},"function":{"name":"api"},"message":"[runtime-status] [14276] Trigger \"api\" has been found, beginning invocation!"}}
[info] i  functions: Beginning execution of "api" {"metadata":{"emulator":{"name":"functions"},"function":{"name":"api"},"message":"Beginning execution of \"api\""}}
[debug] [2020-07-30T02:54:15.593Z] [runtime-status] [14276] triggerDefinition {"httpsTrigger":{},"name":"api","entryPoint":"api"} {"metadata":{"emulator":{"name":"functions"},"function":{"name":"api"},"message":"[runtime-status] [14276] triggerDefinition {\"httpsTrigger\":{},\"name\":\"api\",\"entryPoint\":\"api\"}"}}
[debug] [2020-07-30T02:54:15.593Z] [runtime-status] [14276] Running api in mode HTTPS {"metadata":{"emulator":{"name":"functions"},"function":{"name":"api"},"message":"[runtime-status] [14276] Running api in mode HTTPS"}}
[debug] [2020-07-30T02:54:15.595Z] [runtime-status] [14276] Attempting to listen to socketPath: \\?\pipe\D:\Xurify\Projects\Vue\notatniku\functions\14276 {"metadata":{"emulator":{"name":"functions"},"function":{"name":"api"},"message":"[runtime-status] [14276] Attempting to listen to socketPath: \\\\?\\pipe\\D:\\Xurify\\Projects\\Vue\\notatniku\\functions\\14276"}}
[debug] [2020-07-30T02:54:15.598Z] [functions] Runtime ready! Sending request! {"metadata":{"emulator":{"name":"functions"},"message":"[functions] Runtime ready! Sending request!"}}
[debug] [2020-07-30T02:54:15.606Z] [runtime-status] [14276] Ephemeral server handling OPTIONS request {"metadata":{"emulator":{"name":"functions"},"function":{"name":"api"},"message":"[runtime-status] [14276] Ephemeral server handling OPTIONS request"}}
[debug] [2020-07-30T02:54:15.610Z] [runtime-status] [14276] Ephemeral server survived. {"metadata":{"emulator":{"name":"functions"},"function":{"name":"api"},"message":"[runtime-status] [14276] Ephemeral server survived."}}
[debug] [2020-07-30T02:54:15.612Z] [work-queue] {"queueLength":1,"workRunningCount":1}
[debug] [2020-07-30T02:54:15.612Z] [work-queue] {"queueLength":0,"workRunningCount":2}
[debug] [2020-07-30T02:54:15.612Z] Accepted request POST /notatniku/us-central1/api/convert-image-to-text --> api
[debug] [2020-07-30T02:54:15.616Z] [worker-pool] addWorker(api) {"metadata":{"emulator":{"name":"functions"},"message":"[worker-pool] addWorker(api)"}}
[debug] [2020-07-30T02:54:15.616Z] [worker-pool] Adding worker with key api, total=2 {"metadata":{"emulator":{"name":"functions"},"message":"[worker-pool] Adding worker with key api, total=2"}}
[debug] [2020-07-30T02:54:15.616Z] [worker-pool] submitWork(triggerId=api) {"metadata":{"emulator":{"name":"functions"},"message":"[worker-pool] submitWork(triggerId=api)"}}
[debug] [2020-07-30T02:54:15.616Z] [worker-api-5f9523e6-2b7e-40a2-b118-0892e27c6687]: Assigning socketPath: \\?\pipe\D:\Xurify\Projects\Vue\notatniku\functions\20896 {"metadata":{"emulator":{"name":"functions"},"message":"[worker-api-5f9523e6-2b7e-40a2-b118-0892e27c6687]: Assigning socketPath: \\\\?\\pipe\\D:\\Xurify\\Projects\\Vue\\notatniku\\functions\\20896"}}
[debug] [2020-07-30T02:54:15.616Z] [worker-api-5f9523e6-2b7e-40a2-b118-0892e27c6687]: BUSY {"metadata":{"emulator":{"name":"functions"},"message":"[worker-api-5f9523e6-2b7e-40a2-b118-0892e27c6687]: BUSY"}}
[info] i  functions: Finished "api" in ~1s {"metadata":{"emulator":{"name":"functions"},"function":{"name":"api"},"message":"Finished \"api\" in ~1s"}}
[debug] [2020-07-30T02:54:15.617Z] [worker-api-3196360d-e1a3-4bee-97fa-4476be50afe8]: IDLE {"metadata":{"emulator":{"name":"functions"},"message":"[worker-api-3196360d-e1a3-4bee-97fa-4476be50afe8]: IDLE"}}
[debug] [2020-07-30T02:54:15.617Z] [work-queue] {"queueLength":0,"workRunningCount":1}
[debug] [2020-07-30T02:54:15.914Z] [runtime-status] [20896] Functions runtime initialized. {"cwd":"D:\\Xurify\\Projects\\Vue\\notatniku\\functions","node_version":"12.17.0"} {"metadata":{"emulator":{"name":"functions"},"function":{"name":"api"},"message":"[runtime-status] [20896] Functions runtime initialized. {\"cwd\":\"D:\\\\Xurify\\\\Projects\\\\Vue\\\\notatniku\\\\functions\",\"node_version\":\"12.17.0\"}"}}
[debug] [2020-07-30T02:54:15.916Z] [runtime-status] [20896] Disabled runtime features: undefined {"metadata":{"emulator":{"name":"functions"},"function":{"name":"api"},"message":"[runtime-status] [20896] Disabled runtime features: undefined"}}
[debug] [2020-07-30T02:54:15.920Z] [runtime-status] [20896] Resolved module firebase-admin {"declared":true,"installed":true,"version":"8.13.0","resolution":"D:\\Xurify\\Projects\\Vue\\notatniku\\functions\\node_modules\\firebase-admin\\lib\\index.js"} {"metadata":{"emulator":{"name":"functions"},"function":{"name":"api"},"message":"[runtime-status] [20896] Resolved module firebase-admin {\"declared\":true,\"installed\":true,\"version\":\"8.13.0\",\"resolution\":\"D:\\\\Xurify\\\\Projects\\\\Vue\\\\notatniku\\\\functions\\\\node_modules\\\\firebase-admin\\\\lib\\\\index.js\"}"}}
[debug] [2020-07-30T02:54:15.922Z] [runtime-status] [20896] Resolved module firebase-functions {"declared":true,"installed":true,"version":"3.8.0","resolution":"D:\\Xurify\\Projects\\Vue\\notatniku\\functions\\node_modules\\firebase-functions\\lib\\index.js"} {"metadata":{"emulator":{"name":"functions"},"function":{"name":"api"},"message":"[runtime-status] [20896] Resolved module firebase-functions {\"declared\":true,\"installed\":true,\"version\":\"3.8.0\",\"resolution\":\"D:\\\\Xurify\\\\Projects\\\\Vue\\\\notatniku\\\\functions\\\\node_modules\\\\firebase-functions\\\\lib\\\\index.js\"}"}}
[debug] [2020-07-30T02:54:15.923Z] [runtime-status] [20896] Resolved module firebase-functions {"declared":true,"installed":true,"version":"3.8.0","resolution":"D:\\Xurify\\Projects\\Vue\\notatniku\\functions\\node_modules\\firebase-functions\\lib\\index.js"} {"metadata":{"emulator":{"name":"functions"},"function":{"name":"api"},"message":"[runtime-status] [20896] Resolved module firebase-functions {\"declared\":true,\"installed\":true,\"version\":\"3.8.0\",\"resolution\":\"D:\\\\Xurify\\\\Projects\\\\Vue\\\\notatniku\\\\functions\\\\node_modules\\\\firebase-functions\\\\lib\\\\index.js\"}"}}
[debug] [2020-07-30T02:54:15.924Z] [runtime-status] [20896] Outgoing network have been stubbed. [{"name":"http","status":"mocked"},{"name":"http","status":"mocked"},{"name":"https","status":"mocked"},{"name":"https","status":"mocked"},{"name":"net","status":"mocked"}] {"metadata":{"emulator":{"name":"functions"},"function":{"name":"api"},"message":"[runtime-status] [20896] Outgoing network have been stubbed. [{\"name\":\"http\",\"status\":\"mocked\"},{\"name\":\"http\",\"status\":\"mocked\"},{\"name\":\"https\",\"status\":\"mocked\"},{\"name\":\"https\",\"status\":\"mocked\"},{\"name\":\"net\",\"status\":\"mocked\"}]"}}
[debug] [2020-07-30T02:54:15.924Z] [runtime-status] [20896] Resolved module firebase-functions {"declared":true,"installed":true,"version":"3.8.0","resolution":"D:\\Xurify\\Projects\\Vue\\notatniku\\functions\\node_modules\\firebase-functions\\lib\\index.js"} {"metadata":{"emulator":{"name":"functions"},"function":{"name":"api"},"message":"[runtime-status] [20896] Resolved module firebase-functions {\"declared\":true,\"installed\":true,\"version\":\"3.8.0\",\"resolution\":\"D:\\\\Xurify\\\\Projects\\\\Vue\\\\notatniku\\\\functions\\\\node_modules\\\\firebase-functions\\\\lib\\\\index.js\"}"}}
[debug] [2020-07-30T02:54:15.965Z] [runtime-status] [20896] Checked functions.config() {"config":{}} {"metadata":{"emulator":{"name":"functions"},"function":{"name":"api"},"message":"[runtime-status] [20896] Checked functions.config() {\"config\":{}}"}}
[debug] [2020-07-30T02:54:15.965Z] [runtime-status] [20896] firebase-functions has been stubbed. {"functionsResolution":{"declared":true,"installed":true,"version":"3.8.0","resolution":"D:\\Xurify\\Projects\\Vue\\notatniku\\functions\\node_modules\\firebase-functions\\lib\\index.js"}} {"metadata":{"emulator":{"name":"functions"},"function":{"name":"api"},"message":"[runtime-status] [20896] firebase-functions has been stubbed. {\"functionsResolution\":{\"declared\":true,\"installed\":true,\"version\":\"3.8.0\",\"resolution\":\"D:\\\\Xurify\\\\Projects\\\\Vue\\\\notatniku\\\\functions\\\\node_modules\\\\firebase-functions\\\\lib\\\\index.js\"}}"}}
[debug] [2020-07-30T02:54:15.965Z] [runtime-status] [20896] Resolved module firebase-functions {"declared":true,"installed":true,"version":"3.8.0","resolution":"D:\\Xurify\\Projects\\Vue\\notatniku\\functions\\node_modules\\firebase-functions\\lib\\index.js"} {"metadata":{"emulator":{"name":"functions"},"function":{"name":"api"},"message":"[runtime-status] [20896] Resolved module firebase-functions {\"declared\":true,\"installed\":true,\"version\":\"3.8.0\",\"resolution\":\"D:\\\\Xurify\\\\Projects\\\\Vue\\\\notatniku\\\\functions\\\\node_modules\\\\firebase-functions\\\\lib\\\\index.js\"}"}}
[debug] [2020-07-30T02:54:15.966Z] [runtime-status] [20896] Resolved module firebase-admin {"declared":true,"installed":true,"version":"8.13.0","resolution":"D:\\Xurify\\Projects\\Vue\\notatniku\\functions\\node_modules\\firebase-admin\\lib\\index.js"} {"metadata":{"emulator":{"name":"functions"},"function":{"name":"api"},"message":"[runtime-status] [20896] Resolved module firebase-admin {\"declared\":true,\"installed\":true,\"version\":\"8.13.0\",\"resolution\":\"D:\\\\Xurify\\\\Projects\\\\Vue\\\\notatniku\\\\functions\\\\node_modules\\\\firebase-admin\\\\lib\\\\index.js\"}"}}
[debug] [2020-07-30T02:54:15.967Z] [runtime-status] [20896] Resolved module firebase-functions {"declared":true,"installed":true,"version":"3.8.0","resolution":"D:\\Xurify\\Projects\\Vue\\notatniku\\functions\\node_modules\\firebase-functions\\lib\\index.js"} {"metadata":{"emulator":{"name":"functions"},"function":{"name":"api"},"message":"[runtime-status] [20896] Resolved module firebase-functions {\"declared\":true,\"installed\":true,\"version\":\"3.8.0\",\"resolution\":\"D:\\\\Xurify\\\\Projects\\\\Vue\\\\notatniku\\\\functions\\\\node_modules\\\\firebase-functions\\\\lib\\\\index.js\"}"}}
[debug] [2020-07-30T02:54:15.967Z] [runtime-status] [20896] firebase-admin has been stubbed. {"adminResolution":{"declared":true,"installed":true,"version":"8.13.0","resolution":"D:\\Xurify\\Projects\\Vue\\notatniku\\functions\\node_modules\\firebase-admin\\lib\\index.js"}} {"metadata":{"emulator":{"name":"functions"},"function":{"name":"api"},"message":"[runtime-status] [20896] firebase-admin has been stubbed. {\"adminResolution\":{\"declared\":true,\"installed\":true,\"version\":\"8.13.0\",\"resolution\":\"D:\\\\Xurify\\\\Projects\\\\Vue\\\\notatniku\\\\functions\\\\node_modules\\\\firebase-admin\\\\lib\\\\index.js\"}}"}}
[debug] [2020-07-30T02:54:16.457Z] [runtime-status] [20896] initializeApp(DEFAULT) {"databaseURL":"https://notatniku.firebaseio.com","storageBucket":"notatniku.appspot.com","projectId":"notatniku"} {"metadata":{"emulator":{"name":"functions"},"function":{"name":"api"},"message":"[runtime-status] [20896] initializeApp(DEFAULT) {\"databaseURL\":\"https://notatniku.firebaseio.com\",\"storageBucket\":\"notatniku.appspot.com\",\"projectId\":\"notatniku\"}"}}
[debug] [2020-07-30T02:54:16.597Z] [runtime-status] [20896] Trigger "api" has been found, beginning invocation! {"metadata":{"emulator":{"name":"functions"},"function":{"name":"api"},"message":"[runtime-status] [20896] Trigger \"api\" has been found, beginning invocation!"}}
[info] i  functions: Beginning execution of "api" {"metadata":{"emulator":{"name":"functions"},"function":{"name":"api"},"message":"Beginning execution of \"api\""}}
[debug] [2020-07-30T02:54:16.598Z] [runtime-status] [20896] triggerDefinition {"httpsTrigger":{},"name":"api","entryPoint":"api"} {"metadata":{"emulator":{"name":"functions"},"function":{"name":"api"},"message":"[runtime-status] [20896] triggerDefinition {\"httpsTrigger\":{},\"name\":\"api\",\"entryPoint\":\"api\"}"}}
[debug] [2020-07-30T02:54:16.598Z] [runtime-status] [20896] Running api in mode HTTPS {"metadata":{"emulator":{"name":"functions"},"function":{"name":"api"},"message":"[runtime-status] [20896] Running api in mode HTTPS"}}
[debug] [2020-07-30T02:54:16.600Z] [runtime-status] [20896] Attempting to listen to socketPath: \\?\pipe\D:\Xurify\Projects\Vue\notatniku\functions\20896 {"metadata":{"emulator":{"name":"functions"},"function":{"name":"api"},"message":"[runtime-status] [20896] Attempting to listen to socketPath: \\\\?\\pipe\\D:\\Xurify\\Projects\\Vue\\notatniku\\functions\\20896"}}
[debug] [2020-07-30T02:54:16.603Z] [functions] Runtime ready! Sending request! {"metadata":{"emulator":{"name":"functions"},"message":"[functions] Runtime ready! Sending request!"}}
[debug] [2020-07-30T02:54:16.625Z] [runtime-status] [20896] Ephemeral server handling POST request {"metadata":{"emulator":{"name":"functions"},"function":{"name":"api"},"message":"[runtime-status] [20896] Ephemeral server handling POST request"}}
[info] >  Check if request is authorized with Firebase ID token {"user":"Check if request is authorized with Firebase ID token","metadata":{"emulator":{"name":"functions"},"function":{"name":"api"},"message":"\u001b[90m> \u001b[39m Check if request is authorized with Firebase ID token"}}
[debug] [2020-07-30T02:54:16.684Z] [runtime-status] [20896] Ephemeral server survived. {"metadata":{"emulator":{"name":"functions"},"function":{"name":"api"},"message":"[runtime-status] [20896] Ephemeral server survived."}}
[warn] !  Google API requested!
   - URL: "https://www.googleapis.com/oauth2/v4/token"
   - Be careful, this may be a production service. {"metadata":{"emulator":{"name":"functions"},"function":{"name":"api"},"message":"Google API requested!\n   - URL: \"https://www.googleapis.com/oauth2/v4/token\"\n   - Be careful, this may be a production service."}}
[info] i  functions: Finished "api" in ~1s {"metadata":{"emulator":{"name":"functions"},"function":{"name":"api"},"message":"Finished \"api\" in ~1s"}}
[debug] [2020-07-30T02:54:18.492Z] [worker-api-5f9523e6-2b7e-40a2-b118-0892e27c6687]: IDLE {"metadata":{"emulator":{"name":"functions"},"message":"[worker-api-5f9523e6-2b7e-40a2-b118-0892e27c6687]: IDLE"}}
[debug] [2020-07-30T02:54:18.492Z] [work-queue] {"queueLength":0,"workRunningCount":0}
[debug] [2020-07-30T02:56:00.055Z] [work-queue] {"queueLength":1,"workRunningCount":0}
[debug] [2020-07-30T02:56:00.055Z] [work-queue] {"queueLength":0,"workRunningCount":1}
[debug] [2020-07-30T02:56:00.055Z] Accepted request OPTIONS /notatniku/us-central1/api/convert-image-to-text --> api
[debug] [2020-07-30T02:56:00.055Z] [worker-pool] submitWork(triggerId=api) {"metadata":{"emulator":{"name":"functions"},"message":"[worker-pool] submitWork(triggerId=api)"}}
[debug] [2020-07-30T02:56:00.055Z] [worker-api-3196360d-e1a3-4bee-97fa-4476be50afe8]: Assigning socketPath: \\?\pipe\D:\Xurify\Projects\Vue\notatniku\functions\14276 {"metadata":{"emulator":{"name":"functions"},"message":"[worker-api-3196360d-e1a3-4bee-97fa-4476be50afe8]: Assigning socketPath: \\\\?\\pipe\\D:\\Xurify\\Projects\\Vue\\notatniku\\functions\\14276"}}
[debug] [2020-07-30T02:56:00.055Z] [worker-api-3196360d-e1a3-4bee-97fa-4476be50afe8]: BUSY {"metadata":{"emulator":{"name":"functions"},"message":"[worker-api-3196360d-e1a3-4bee-97fa-4476be50afe8]: BUSY"}}
[debug] [2020-07-30T02:56:00.056Z] [runtime-status] [14276] Trigger "api" has been found, beginning invocation! {"metadata":{"emulator":{"name":"functions"},"function":{"name":"api"},"message":"[runtime-status] [14276] Trigger \"api\" has been found, beginning invocation!"}}
[info] i  functions: Beginning execution of "api" {"metadata":{"emulator":{"name":"functions"},"function":{"name":"api"},"message":"Beginning execution of \"api\""}}
[debug] [2020-07-30T02:56:00.057Z] [runtime-status] [14276] triggerDefinition {"httpsTrigger":{},"name":"api","entryPoint":"api"} {"metadata":{"emulator":{"name":"functions"},"function":{"name":"api"},"message":"[runtime-status] [14276] triggerDefinition {\"httpsTrigger\":{},\"name\":\"api\",\"entryPoint\":\"api\"}"}}
[debug] [2020-07-30T02:56:00.057Z] [runtime-status] [14276] Running api in mode HTTPS {"metadata":{"emulator":{"name":"functions"},"function":{"name":"api"},"message":"[runtime-status] [14276] Running api in mode HTTPS"}}
[debug] [2020-07-30T02:56:00.057Z] [runtime-status] [14276] Attempting to listen to socketPath: \\?\pipe\D:\Xurify\Projects\Vue\notatniku\functions\14276 {"metadata":{"emulator":{"name":"functions"},"function":{"name":"api"},"message":"[runtime-status] [14276] Attempting to listen to socketPath: \\\\?\\pipe\\D:\\Xurify\\Projects\\Vue\\notatniku\\functions\\14276"}}
[debug] [2020-07-30T02:56:00.058Z] [functions] Runtime ready! Sending request! {"metadata":{"emulator":{"name":"functions"},"message":"[functions] Runtime ready! Sending request!"}}
[debug] [2020-07-30T02:56:00.060Z] [runtime-status] [14276] Ephemeral server handling OPTIONS request {"metadata":{"emulator":{"name":"functions"},"function":{"name":"api"},"message":"[runtime-status] [14276] Ephemeral server handling OPTIONS request"}}
[debug] [2020-07-30T02:56:00.061Z] [runtime-status] [14276] Ephemeral server survived. {"metadata":{"emulator":{"name":"functions"},"function":{"name":"api"},"message":"[runtime-status] [14276] Ephemeral server survived."}}
[info] i  functions: Finished "api" in ~1s {"metadata":{"emulator":{"name":"functions"},"function":{"name":"api"},"message":"Finished \"api\" in ~1s"}}
[debug] [2020-07-30T02:56:00.065Z] [worker-api-3196360d-e1a3-4bee-97fa-4476be50afe8]: IDLE {"metadata":{"emulator":{"name":"functions"},"message":"[worker-api-3196360d-e1a3-4bee-97fa-4476be50afe8]: IDLE"}}
[debug] [2020-07-30T02:56:00.065Z] [work-queue] {"queueLength":0,"workRunningCount":0}
[debug] [2020-07-30T02:56:00.065Z] [work-queue] {"queueLength":1,"workRunningCount":0}
[debug] [2020-07-30T02:56:00.066Z] [work-queue] {"queueLength":0,"workRunningCount":1}
[debug] [2020-07-30T02:56:00.066Z] Accepted request POST /notatniku/us-central1/api/convert-image-to-text --> api
[debug] [2020-07-30T02:56:00.066Z] [worker-pool] submitWork(triggerId=api) {"metadata":{"emulator":{"name":"functions"},"message":"[worker-pool] submitWork(triggerId=api)"}}
[debug] [2020-07-30T02:56:00.066Z] [worker-api-3196360d-e1a3-4bee-97fa-4476be50afe8]: Assigning socketPath: \\?\pipe\D:\Xurify\Projects\Vue\notatniku\functions\14276 {"metadata":{"emulator":{"name":"functions"},"message":"[worker-api-3196360d-e1a3-4bee-97fa-4476be50afe8]: Assigning socketPath: \\\\?\\pipe\\D:\\Xurify\\Projects\\Vue\\notatniku\\functions\\14276"}}
[debug] [2020-07-30T02:56:00.066Z] [worker-api-3196360d-e1a3-4bee-97fa-4476be50afe8]: BUSY {"metadata":{"emulator":{"name":"functions"},"message":"[worker-api-3196360d-e1a3-4bee-97fa-4476be50afe8]: BUSY"}}
[debug] [2020-07-30T02:56:00.085Z] [runtime-status] [14276] Trigger "api" has been found, beginning invocation! {"metadata":{"emulator":{"name":"functions"},"function":{"name":"api"},"message":"[runtime-status] [14276] Trigger \"api\" has been found, beginning invocation!"}}
[info] i  functions: Beginning execution of "api" {"metadata":{"emulator":{"name":"functions"},"function":{"name":"api"},"message":"Beginning execution of \"api\""}}
[debug] [2020-07-30T02:56:00.086Z] [runtime-status] [14276] triggerDefinition {"httpsTrigger":{},"name":"api","entryPoint":"api"} {"metadata":{"emulator":{"name":"functions"},"function":{"name":"api"},"message":"[runtime-status] [14276] triggerDefinition {\"httpsTrigger\":{},\"name\":\"api\",\"entryPoint\":\"api\"}"}}
[debug] [2020-07-30T02:56:00.087Z] [runtime-status] [14276] Running api in mode HTTPS {"metadata":{"emulator":{"name":"functions"},"function":{"name":"api"},"message":"[runtime-status] [14276] Running api in mode HTTPS"}}
[debug] [2020-07-30T02:56:00.087Z] [runtime-status] [14276] Attempting to listen to socketPath: \\?\pipe\D:\Xurify\Projects\Vue\notatniku\functions\14276 {"metadata":{"emulator":{"name":"functions"},"function":{"name":"api"},"message":"[runtime-status] [14276] Attempting to listen to socketPath: \\\\?\\pipe\\D:\\Xurify\\Projects\\Vue\\notatniku\\functions\\14276"}}
[debug] [2020-07-30T02:56:00.089Z] [functions] Runtime ready! Sending request! {"metadata":{"emulator":{"name":"functions"},"message":"[functions] Runtime ready! Sending request!"}}
[debug] [2020-07-30T02:56:00.102Z] [runtime-status] [14276] Ephemeral server handling POST request {"metadata":{"emulator":{"name":"functions"},"function":{"name":"api"},"message":"[runtime-status] [14276] Ephemeral server handling POST request"}}
[info] >  Check if request is authorized with Firebase ID token {"user":"Check if request is authorized with Firebase ID token","metadata":{"emulator":{"name":"functions"},"function":{"name":"api"},"message":"\u001b[90m> \u001b[39m Check if request is authorized with Firebase ID token"}}
[debug] [2020-07-30T02:56:00.157Z] [runtime-status] [14276] Ephemeral server survived. {"metadata":{"emulator":{"name":"functions"},"function":{"name":"api"},"message":"[runtime-status] [14276] Ephemeral server survived."}}
[warn] !  Google API requested!
   - URL: "https://www.googleapis.com/oauth2/v4/token"
   - Be careful, this may be a production service. {"metadata":{"emulator":{"name":"functions"},"function":{"name":"api"},"message":"Google API requested!\n   - URL: \"https://www.googleapis.com/oauth2/v4/token\"\n   - Be careful, this may be a production service."}}
[info] i  functions: Finished "api" in ~1s {"metadata":{"emulator":{"name":"functions"},"function":{"name":"api"},"message":"Finished \"api\" in ~1s"}}
[debug] [2020-07-30T02:56:01.914Z] [worker-api-3196360d-e1a3-4bee-97fa-4476be50afe8]: IDLE {"metadata":{"emulator":{"name":"functions"},"message":"[worker-api-3196360d-e1a3-4bee-97fa-4476be50afe8]: IDLE"}}
[debug] [2020-07-30T02:56:01.914Z] [work-queue] {"queueLength":0,"workRunningCount":0}
